<?xml version="1.0" encoding="UTF-8"?>
<testsuite xmlns:xsi="http://www.w3.org/2001/XMLSchema-instance" xsi:schemaLocation="https://maven.apache.org/surefire/maven-surefire-plugin/xsd/surefire-test-report.xsd" name="ua.lviv.iot.Manager.TransportationManagerTest" time="0.022" tests="4" errors="0" skipped="0" failures="0">
  <properties>
[...]
</properties>
  <testcase name="selectCheapest" classname="ua.lviv.iot.Manager.TransportationManagerTest" time="0.01"/>
  <testcase name="selectFastest" classname="ua.lviv.iot.Manager.TransportationManagerTest" time="0"/>
  <testcase name="foo" classname="ua.lviv.iot.Manager.TransportationManagerTest" time="0.006"/>
  <testcase name="doTransportation" classname="ua.lviv.iot.Manager.TransportationManagerTest" time="0.001"/>
</testsuite>